\BOOKMARK [1][-]{section.1}{\376\377\000I\000n\000t\000r\000o\000d\000u\000\347\000\343\000o}{}% 1
\BOOKMARK [1][-]{section.2}{\376\377\000C\000o\000m\000p\000o\000n\000e\000n\000t\000e\000s}{}% 2
\BOOKMARK [1][-]{section.3}{\376\377\000S\000i\000n\000a\000i\000s}{}% 3
\BOOKMARK [1][-]{section.4}{\376\377\000E\000q\000u\000i\000p\000a\000m\000e\000n\000t\000o\000s}{}% 4
\BOOKMARK [2][-]{subsection.4.1}{\376\377\000T\000e\000l\000\351\000g\000r\000a\000f\000o}{section.4}% 5
\BOOKMARK [2][-]{subsection.4.2}{\376\377\000W\000i\000f\000i\000\040\000e\000\040\000M\000o\000d\000e\000m}{section.4}% 6
\BOOKMARK [3][-]{subsubsection.4.2.1}{\376\377\000H\000i\000s\000t\000\363\000r\000i\000a\000\040\000W\000i\000f\000i}{subsection.4.2}% 7
\BOOKMARK [3][-]{subsubsection.4.2.2}{\376\377\000I\000m\000p\000o\000r\000t\000\342\000n\000c\000i\000a\000\040\000d\000o\000\040\000W\000i\000f\000i}{subsection.4.2}% 8
\BOOKMARK [3][-]{subsubsection.4.2.3}{\376\377\000O\000r\000i\000g\000e\000m\000\040\000d\000o\000\040\000M\000o\000d\000e\000m}{subsection.4.2}% 9
\BOOKMARK [3][-]{subsubsection.4.2.4}{\376\377\000I\000m\000p\000o\000r\000t\000\342\000n\000c\000i\000a\000\040\000d\000o\000s\000\040\000M\000o\000d\000e\000m\000s}{subsection.4.2}% 10
\BOOKMARK [3][-]{subsubsection.4.2.5}{\376\377\000T\000i\000p\000o\000s\000\040\000d\000e\000\040\000T\000r\000a\000n\000s\000m\000i\000s\000s\000\343\000o}{subsection.4.2}% 11
\BOOKMARK [1][-]{section.5}{\376\377\000V\000e\000l\000o\000c\000i\000d\000a\000d\000e\000\040\000d\000e\000\040\000t\000r\000a\000n\000s\000m\000i\000s\000s\000\343\000o}{}% 12
\BOOKMARK [1][-]{section.6}{\376\377\000T\000i\000p\000o\000s\000\040\000d\000e\000\040\000r\000e\000d\000e\000s}{}% 13
\BOOKMARK [2][-]{subsection.6.1}{\376\377\000P\000A\000N\000\040\000-\000\040\000R\000e\000d\000e\000\040\000d\000e\000\040\000\301\000r\000e\000a\000\040\000P\000e\000s\000s\000o\000a\000l}{section.6}% 14
\BOOKMARK [3][-]{subsubsection.6.1.1}{\376\377\000L\000A\000N\000\040\000-\000\040\000R\000e\000d\000e\000\040\000l\000o\000c\000a\000l}{subsection.6.1}% 15
\BOOKMARK [3][-]{subsubsection.6.1.2}{\376\377\000M\000a\000n\000\040\000-\000\040\000R\000e\000d\000e\000\040\000M\000e\000t\000r\000o\000p\000o\000l\000i\000t\000a\000n\000a}{subsection.6.1}% 16
\BOOKMARK [3][-]{subsubsection.6.1.3}{\376\377\000W\000A\000N\000\040\000-\000\040\000R\000e\000d\000e\000\040\000d\000e\000\040\000L\000o\000n\000g\000a\000\040\000D\000i\000s\000t\000\342\000n\000c\000i\000a}{subsection.6.1}% 17
\BOOKMARK [1][-]{section.7}{\376\377\000C\000a\000b\000o\000s\000\040\000d\000e\000\040\000t\000r\000a\000n\000s\000m\000i\000s\000s\000\343\000o\000\040\000d\000e\000\040\000d\000a\000d\000o\000s}{}% 18
\BOOKMARK [2][-]{subsection.7.1}{\376\377\000C\000a\000b\000o\000\040\000C\000o\000a\000x\000i\000a\000l}{section.7}% 19
\BOOKMARK [3][-]{subsubsection.7.1.1}{\376\377\000A\000p\000l\000i\000c\000a\000\347\000\365\000e\000s\000\040\000e\000\040\000m\000e\000r\000c\000a\000d\000o}{subsection.7.1}% 20
\BOOKMARK [3][-]{subsubsection.7.1.2}{\376\377\000V\000a\000n\000t\000a\000g\000e\000n\000s}{subsection.7.1}% 21
\BOOKMARK [3][-]{subsubsection.7.1.3}{\376\377\000D\000e\000s\000v\000a\000n\000t\000a\000g\000e\000n\000s}{subsection.7.1}% 22
\BOOKMARK [2][-]{subsection.7.2}{\376\377\000C\000a\000b\000o\000\040\000t\000r\000a\000n\000\347\000a\000d\000o}{section.7}% 23
\BOOKMARK [3][-]{subsubsection.7.2.1}{\376\377\000B\000l\000i\000n\000d\000a\000d\000o\000s\000\040\000v\000s\000\040\000N\000\343\000o\000\040\000b\000l\000i\000n\000d\000a\000d\000o\000s}{subsection.7.2}% 24
\BOOKMARK [3][-]{subsubsection.7.2.2}{\376\377\000A\000p\000l\000i\000c\000a\000\347\000\365\000e\000s\000\040\000e\000\040\000m\000e\000r\000c\000a\000d\000o}{subsection.7.2}% 25
\BOOKMARK [3][-]{subsubsection.7.2.3}{\376\377\000V\000a\000n\000t\000a\000g\000e\000n\000s}{subsection.7.2}% 26
\BOOKMARK [3][-]{subsubsection.7.2.4}{\376\377\000D\000e\000s\000v\000a\000n\000t\000a\000g\000e\000n\000s}{subsection.7.2}% 27
\BOOKMARK [2][-]{subsection.7.3}{\376\377\000F\000i\000b\000r\000a\000\040\000\363\000p\000t\000i\000c\000a}{section.7}% 28
\BOOKMARK [3][-]{subsubsection.7.3.1}{\376\377\000A\000p\000l\000i\000c\000a\000\347\000\365\000e\000s\000\040\000e\000\040\000m\000e\000r\000c\000a\000d\000o}{subsection.7.3}% 29
\BOOKMARK [3][-]{subsubsection.7.3.2}{\376\377\000V\000a\000n\000t\000a\000g\000e\000n\000s}{subsection.7.3}% 30
\BOOKMARK [3][-]{subsubsection.7.3.3}{\376\377\000D\000e\000s\000v\000a\000n\000t\000a\000g\000e\000n\000s}{subsection.7.3}% 31
\BOOKMARK [3][-]{subsubsection.7.3.4}{\376\377\000C\000o\000m\000o\000\040\000f\000u\000n\000c\000i\000o\000n\000a}{subsection.7.3}% 32
\BOOKMARK [3][-]{subsubsection.7.3.5}{\376\377\000M\000o\000n\000o\000m\000o\000d\000o\000\040\000e\000\040\000m\000u\000l\000t\000i\000m\000o\000d\000o}{subsection.7.3}% 33
